 └─  ./glfw_diag
=== Trixie Wayland globals ===

Socket : wayland-0

  wl_shm                                               v2
  zwp_linux_dmabuf_v1                                  v4
  wl_compositor                                        v6
  wl_subcompositor                                     v1
  wl_data_device_manager                               v3
  zwlr_data_control_manager_v1                         v2
  zwp_primary_selection_device_manager_v1              v1
  wp_presentation                                      v1
  wp_viewporter                                        v1
  wp_fractional_scale_manager_v1                       v1
  wp_single_pixel_buffer_manager_v1                    v1
  zwp_linux_dmabuf_v1                                  v4
  wl_drm                                               v2
  wp_alpha_modifier_v1                                 v1
  wp_cursor_shape_manager_v1                           v1
  xdg_activation_v1                                    v1
  zwp_pointer_constraints_v1                           v1
  zwp_relative_pointer_manager_v1                      v1
  zwlr_foreign_toplevel_manager_v1                     v3
  zwlr_screencopy_manager_v1                           v3
  zwlr_export_dmabuf_manager_v1                        v1
  zwlr_gamma_control_manager_v1                        v1
  wp_content_type_manager_v1                           v1
  wp_tearing_control_manager_v1                        v1
  xdg_wm_base                                          v6
  zwlr_layer_shell_v1                                  v4
  zxdg_output_manager_v1                               v3
  zxdg_decoration_manager_v1                           v1
  org_kde_kwin_server_decoration_manager               v1
  zwp_pointer_gestures_v1                              v3
  wl_seat                                              v9
  wl_output                                            v4

=== Required protocol check ===
  [OK  ] wl_compositor                                core — surface creation
  [OK  ] wl_seat                                      core — input
  [OK  ] wl_output                                    core — display info
  [OK  ] xdg_wm_base                                  XDG shell — window creation
  [OK  ] zwp_linux_dmabuf_v1                          GPU buffer sharing — GL/Vulkan clients
  [OK  ] wl_drm                                       legacy Mesa EGL fallback
  [OK  ] wp_viewporter                                buffer scaling
  [OK  ] zwp_relative_pointer_manager_v1              mouse capture (games)
  [OK  ] zwp_pointer_constraints_v1                   mouse lock (games)

=== Environment ===
  WAYLAND_DISPLAY                        = wayland-0
  DISPLAY                                = (not set)
  XDG_SESSION_TYPE                       = wayland
  XDG_RUNTIME_DIR                        = /run/user/1000
  _JAVA_AWT_WM_NONREPARENTING            = 1
  SDL_VIDEODRIVER                        = wayland
  GDK_BACKEND                            = wayland
  ELECTRON_OZONE_PLATFORM_HINT           = wayland

=== EGL / Mesa ===
    EGL_EXT_platform_base, EGL_EXT_platform_device, EGL_EXT_platform_wayland, 
    EGL_KHR_platform_gbm, EGL_KHR_platform_wayland, EGL_KHR_platform_x11, 
EGL client APIs: OpenGL_ES OpenGL
OpenGL core profile vendor: NVIDIA Corporation
OpenGL core profile renderer: NVIDIA GeForce RTX 4050 Laptop GPU/PCIe/SSE2
OpenGL core profile version: 4.6.0 NVIDIA 590.48.01
OpenGL core profile shading language version: 4.60 NVIDIA
OpenGL core profile extensions:
OpenGL compatibility profile vendor: NVIDIA Corporation
OpenGL compatibility profile renderer: NVIDIA GeForce RTX 4050 Laptop GPU/PCIe/SSE2

=== GLFW stderr (quick test) ===
  Run your game as:  LIBGL_DEBUG=verbose ./yourgame 2>&1 | head -40
  Or for Java/LWJGL: java -Dorg.lwjgl.util.Debug=true -jar game.jar 2>&1 | head -60

All required protocols present.
If GLFW still fails, the issue is in EGL/Mesa or LWJGL config — run the debug commands above.
